[4.196s] Invoking command in '/home/burger/ros2_ws/src/ironman_chase_object': PYTHONPATH=/home/burger/ros2_ws/src/ironman_chase_object/build/ironman_chase_object/prefix_override:/home/burger/ros2_ws/src/ironman_chase_object/install/ironman_chase_object/lib/python3.10/site-packages:${PYTHONPATH} /usr/bin/python3 setup.py egg_info --egg-base build/ironman_chase_object build --build-base /home/burger/ros2_ws/src/ironman_chase_object/build/ironman_chase_object/build install --record /home/burger/ros2_ws/src/ironman_chase_object/build/ironman_chase_object/install.log --single-version-externally-managed
[5.157s] running egg_info
[5.223s] writing build/ironman_chase_object/ironman_chase_object.egg-info/PKG-INFO
[5.225s] writing dependency_links to build/ironman_chase_object/ironman_chase_object.egg-info/dependency_links.txt
[5.226s] writing entry points to build/ironman_chase_object/ironman_chase_object.egg-info/entry_points.txt
[5.227s] writing requirements to build/ironman_chase_object/ironman_chase_object.egg-info/requires.txt
[5.229s] writing top-level names to build/ironman_chase_object/ironman_chase_object.egg-info/top_level.txt
[5.352s] reading manifest file 'build/ironman_chase_object/ironman_chase_object.egg-info/SOURCES.txt'
[5.357s] writing manifest file 'build/ironman_chase_object/ironman_chase_object.egg-info/SOURCES.txt'
[5.357s] running build
[5.358s] running build_py
[5.359s] copying ironman_chase_object/velocity_controller.py -> /home/burger/ros2_ws/src/ironman_chase_object/build/ironman_chase_object/build/lib/ironman_chase_object
[5.362s] running install
[5.364s] /usr/local/lib/python3.10/dist-packages/setuptools/_distutils/cmd.py:66: SetuptoolsDeprecationWarning: setup.py install is deprecated.
[5.367s] !!
[5.367s] 
[5.368s]         ********************************************************************************
[5.368s]         Please avoid running ``setup.py`` directly.
[5.368s]         Instead, use pypa/build, pypa/installer or other
[5.369s]         standards-based tools.
[5.374s] 
[5.375s]         See https://blog.ganssle.io/articles/2021/10/setup-py-deprecated.html for details.
[5.375s]         ********************************************************************************
[5.376s] 
[5.376s] !!
[5.377s]   self.initialize_options()
[5.388s] running install_lib
[5.451s] copying /home/burger/ros2_ws/src/ironman_chase_object/build/ironman_chase_object/build/lib/ironman_chase_object/velocity_controller.py -> /home/burger/ros2_ws/src/ironman_chase_object/install/ironman_chase_object/lib/python3.10/site-packages/ironman_chase_object
[5.454s] byte-compiling /home/burger/ros2_ws/src/ironman_chase_object/install/ironman_chase_object/lib/python3.10/site-packages/ironman_chase_object/velocity_controller.py to velocity_controller.cpython-310.pyc
[5.455s] Sorry: IndentationError: unindent does not match any outer indentation level (velocity_controller.py, line 56)
[5.456s] running install_data
[5.515s] running install_egg_info
[5.586s] removing '/home/burger/ros2_ws/src/ironman_chase_object/install/ironman_chase_object/lib/python3.10/site-packages/ironman_chase_object-0.0.0-py3.10.egg-info' (and everything under it)
[5.588s] Copying build/ironman_chase_object/ironman_chase_object.egg-info to /home/burger/ros2_ws/src/ironman_chase_object/install/ironman_chase_object/lib/python3.10/site-packages/ironman_chase_object-0.0.0-py3.10.egg-info
[5.594s] running install_scripts
[6.225s] Installing object_detection_node script to /home/burger/ros2_ws/src/ironman_chase_object/install/ironman_chase_object/lib/ironman_chase_object
[6.226s] Installing velocity_controller script to /home/burger/ros2_ws/src/ironman_chase_object/install/ironman_chase_object/lib/ironman_chase_object
[6.227s] Installing view_image_raw script to /home/burger/ros2_ws/src/ironman_chase_object/install/ironman_chase_object/lib/ironman_chase_object
[6.229s] writing list of installed files to '/home/burger/ros2_ws/src/ironman_chase_object/build/ironman_chase_object/install.log'
[6.376s] Invoked command in '/home/burger/ros2_ws/src/ironman_chase_object' returned '0': PYTHONPATH=/home/burger/ros2_ws/src/ironman_chase_object/build/ironman_chase_object/prefix_override:/home/burger/ros2_ws/src/ironman_chase_object/install/ironman_chase_object/lib/python3.10/site-packages:${PYTHONPATH} /usr/bin/python3 setup.py egg_info --egg-base build/ironman_chase_object build --build-base /home/burger/ros2_ws/src/ironman_chase_object/build/ironman_chase_object/build install --record /home/burger/ros2_ws/src/ironman_chase_object/build/ironman_chase_object/install.log --single-version-externally-managed
