[0.285s] Invoking command in '/home/michaelangelo/ironman_chase_object': PYTHONPATH=/home/michaelangelo/ironman_chase_object/build/ironman_chase_object/prefix_override:/usr/lib/python3/dist-packages/colcon_core/task/python/colcon_distutils_commands:/home/michaelangelo/ironman_chase_object/install/ironman_chase_object/lib/python3.10/site-packages:${PYTHONPATH} /usr/bin/python3 -W ignore:setup.py install is deprecated -W ignore:easy_install command is deprecated setup.py egg_info --egg-base build/ironman_chase_object build --build-base /home/michaelangelo/ironman_chase_object/build/ironman_chase_object/build install --record /home/michaelangelo/ironman_chase_object/build/ironman_chase_object/install.log --single-version-externally-managed install_data
[0.390s] running egg_info
[0.390s] writing build/ironman_chase_object/ironman_chase_object.egg-info/PKG-INFO
[0.390s] writing dependency_links to build/ironman_chase_object/ironman_chase_object.egg-info/dependency_links.txt
[0.390s] writing entry points to build/ironman_chase_object/ironman_chase_object.egg-info/entry_points.txt
[0.391s] writing requirements to build/ironman_chase_object/ironman_chase_object.egg-info/requires.txt
[0.391s] writing top-level names to build/ironman_chase_object/ironman_chase_object.egg-info/top_level.txt
[0.391s] reading manifest file 'build/ironman_chase_object/ironman_chase_object.egg-info/SOURCES.txt'
[0.392s] writing manifest file 'build/ironman_chase_object/ironman_chase_object.egg-info/SOURCES.txt'
[0.392s] running build
[0.392s] running build_py
[0.392s] running install
[0.392s] running install_lib
[0.393s] running install_data
[0.393s] running install_egg_info
[0.393s] removing '/home/michaelangelo/ironman_chase_object/install/ironman_chase_object/lib/python3.10/site-packages/ironman_chase_object-0.0.0-py3.10.egg-info' (and everything under it)
[0.393s] Copying build/ironman_chase_object/ironman_chase_object.egg-info to /home/michaelangelo/ironman_chase_object/install/ironman_chase_object/lib/python3.10/site-packages/ironman_chase_object-0.0.0-py3.10.egg-info
[0.394s] running install_scripts
[0.403s] Installing object_detection_node script to /home/michaelangelo/ironman_chase_object/install/ironman_chase_object/lib/ironman_chase_object
[0.403s] Installing velocity_controller script to /home/michaelangelo/ironman_chase_object/install/ironman_chase_object/lib/ironman_chase_object
[0.403s] Installing view_image_raw script to /home/michaelangelo/ironman_chase_object/install/ironman_chase_object/lib/ironman_chase_object
[0.403s] writing list of installed files to '/home/michaelangelo/ironman_chase_object/build/ironman_chase_object/install.log'
[0.414s] Invoked command in '/home/michaelangelo/ironman_chase_object' returned '0': PYTHONPATH=/home/michaelangelo/ironman_chase_object/build/ironman_chase_object/prefix_override:/usr/lib/python3/dist-packages/colcon_core/task/python/colcon_distutils_commands:/home/michaelangelo/ironman_chase_object/install/ironman_chase_object/lib/python3.10/site-packages:${PYTHONPATH} /usr/bin/python3 -W ignore:setup.py install is deprecated -W ignore:easy_install command is deprecated setup.py egg_info --egg-base build/ironman_chase_object build --build-base /home/michaelangelo/ironman_chase_object/build/ironman_chase_object/build install --record /home/michaelangelo/ironman_chase_object/build/ironman_chase_object/install.log --single-version-externally-managed install_data
