[5.196s] DEBUG:colcon:Command line arguments: ['/usr/bin/colcon', 'build']
[5.196s] DEBUG:colcon:Parsed command line arguments: Namespace(log_base=None, log_level=None, verb_name='build', build_base='build', install_base='install', merge_install=False, symlink_install=False, test_result_base=None, continue_on_error=False, executor='parallel', parallel_workers=4, event_handlers=None, ignore_user_meta=False, metas=['./colcon.meta'], base_paths=['.'], packages_ignore=None, packages_ignore_regex=None, paths=None, packages_up_to=None, packages_up_to_regex=None, packages_above=None, packages_above_and_dependencies=None, packages_above_depth=None, packages_select_by_dep=None, packages_skip_by_dep=None, packages_skip_up_to=None, packages_select_build_failed=False, packages_skip_build_finished=False, packages_select_test_failures=False, packages_skip_test_passed=False, packages_select=None, packages_skip=None, packages_select_regex=None, packages_skip_regex=None, packages_start=None, packages_end=None, allow_overriding=[], cmake_args=None, cmake_target=None, cmake_target_skip_unavailable=False, cmake_clean_cache=False, cmake_clean_first=False, cmake_force_configure=False, ament_cmake_args=None, catkin_cmake_args=None, catkin_skip_building_tests=False, verb_parser=<colcon_defaults.argument_parser.defaults.DefaultArgumentsDecorator object at 0xffff9f8ba8c0>, verb_extension=<colcon_core.verb.build.BuildVerb object at 0xffff9fa12050>, main=<bound method BuildVerb.main of <colcon_core.verb.build.BuildVerb object at 0xffff9fa12050>>)
[5.584s] Level 1:colcon.colcon_core.package_discovery:discover_packages(colcon_meta) check parameters
[5.585s] Level 1:colcon.colcon_core.package_discovery:discover_packages(recursive) check parameters
[5.585s] Level 1:colcon.colcon_core.package_discovery:discover_packages(ignore) check parameters
[5.585s] Level 1:colcon.colcon_core.package_discovery:discover_packages(path) check parameters
[5.585s] Level 1:colcon.colcon_core.package_discovery:discover_packages(colcon_meta) discover
[5.585s] Level 1:colcon.colcon_core.package_discovery:discover_packages(recursive) discover
[5.586s] INFO:colcon.colcon_core.package_discovery:Crawling recursively for packages in '/home/burger/ros2_ws/src/ironman_chase_object'
[5.586s] Level 1:colcon.colcon_core.package_identification:_identify(.) by extensions ['ignore', 'ignore_ament_install']
[5.587s] Level 1:colcon.colcon_core.package_identification:_identify(.) by extension 'ignore'
[5.587s] Level 1:colcon.colcon_core.package_identification:_identify(.) by extension 'ignore_ament_install'
[5.588s] Level 1:colcon.colcon_core.package_identification:_identify(.) by extensions ['colcon_pkg']
[5.588s] Level 1:colcon.colcon_core.package_identification:_identify(.) by extension 'colcon_pkg'
[5.588s] Level 1:colcon.colcon_core.package_identification:_identify(.) by extensions ['colcon_meta']
[5.588s] Level 1:colcon.colcon_core.package_identification:_identify(.) by extension 'colcon_meta'
[5.588s] Level 1:colcon.colcon_core.package_identification:_identify(.) by extensions ['ros']
[5.588s] Level 1:colcon.colcon_core.package_identification:_identify(.) by extension 'ros'
[5.683s] DEBUG:colcon.colcon_core.package_identification:Package '.' with type 'ros.ament_python' and name 'ironman_chase_object'
[5.683s] Level 1:colcon.colcon_core.package_discovery:discover_packages(recursive) using defaults
[5.683s] Level 1:colcon.colcon_core.package_discovery:discover_packages(ignore) discover
[5.684s] Level 1:colcon.colcon_core.package_discovery:discover_packages(ignore) using defaults
[5.684s] Level 1:colcon.colcon_core.package_discovery:discover_packages(path) discover
[5.684s] Level 1:colcon.colcon_core.package_discovery:discover_packages(path) using defaults
[6.111s] Level 1:colcon.colcon_core.package_discovery:discover_packages(prefix_path) check parameters
[6.538s] Level 1:colcon.colcon_core.package_discovery:discover_packages(prefix_path) discover
[8.788s] DEBUG:colcon.colcon_installed_package_information.package_discovery:Found 8 installed packages in /home/burger/dontTouch_ws/install
[8.853s] DEBUG:colcon.colcon_installed_package_information.package_discovery:Found 206 installed packages in /opt/ros/humble
[8.858s] Level 1:colcon.colcon_core.package_discovery:discover_packages(prefix_path) using defaults
[9.160s] Level 5:colcon.colcon_core.verb:set package 'ironman_chase_object' build argument 'cmake_args' from command line to 'None'
[9.160s] Level 5:colcon.colcon_core.verb:set package 'ironman_chase_object' build argument 'cmake_target' from command line to 'None'
[9.160s] Level 5:colcon.colcon_core.verb:set package 'ironman_chase_object' build argument 'cmake_target_skip_unavailable' from command line to 'False'
[9.160s] Level 5:colcon.colcon_core.verb:set package 'ironman_chase_object' build argument 'cmake_clean_cache' from command line to 'False'
[9.161s] Level 5:colcon.colcon_core.verb:set package 'ironman_chase_object' build argument 'cmake_clean_first' from command line to 'False'
[9.161s] Level 5:colcon.colcon_core.verb:set package 'ironman_chase_object' build argument 'cmake_force_configure' from command line to 'False'
[9.161s] Level 5:colcon.colcon_core.verb:set package 'ironman_chase_object' build argument 'ament_cmake_args' from command line to 'None'
[9.161s] Level 5:colcon.colcon_core.verb:set package 'ironman_chase_object' build argument 'catkin_cmake_args' from command line to 'None'
[9.161s] Level 5:colcon.colcon_core.verb:set package 'ironman_chase_object' build argument 'catkin_skip_building_tests' from command line to 'False'
[9.161s] DEBUG:colcon.colcon_core.verb:Building package 'ironman_chase_object' with the following arguments: {'ament_cmake_args': None, 'build_base': '/home/burger/ros2_ws/src/ironman_chase_object/build/ironman_chase_object', 'catkin_cmake_args': None, 'catkin_skip_building_tests': False, 'cmake_args': None, 'cmake_clean_cache': False, 'cmake_clean_first': False, 'cmake_force_configure': False, 'cmake_target': None, 'cmake_target_skip_unavailable': False, 'install_base': '/home/burger/ros2_ws/src/ironman_chase_object/install/ironman_chase_object', 'merge_install': False, 'path': '/home/burger/ros2_ws/src/ironman_chase_object', 'symlink_install': False, 'test_result_base': None}
[9.218s] INFO:colcon.colcon_core.executor:Executing jobs using 'parallel' executor
[9.278s] DEBUG:colcon.colcon_parallel_executor.executor.parallel:run_until_complete
[9.279s] INFO:colcon.colcon_ros.task.ament_python.build:Building ROS package in '/home/burger/ros2_ws/src/ironman_chase_object' with build type 'ament_python'
[9.280s] Level 1:colcon.colcon_core.shell:create_environment_hook('ironman_chase_object', 'ament_prefix_path')
[9.368s] INFO:colcon.colcon_core.plugin_system:Skipping extension 'colcon_core.shell.bat': Not used on non-Windows systems
[9.368s] INFO:colcon.colcon_core.shell:Creating environment hook '/home/burger/ros2_ws/src/ironman_chase_object/install/ironman_chase_object/share/ironman_chase_object/hook/ament_prefix_path.ps1'
[9.374s] INFO:colcon.colcon_core.shell:Creating environment descriptor '/home/burger/ros2_ws/src/ironman_chase_object/install/ironman_chase_object/share/ironman_chase_object/hook/ament_prefix_path.dsv'
[9.451s] INFO:colcon.colcon_core.shell:Creating environment hook '/home/burger/ros2_ws/src/ironman_chase_object/install/ironman_chase_object/share/ironman_chase_object/hook/ament_prefix_path.sh'
[9.586s] INFO:colcon.colcon_core.shell:Skip shell extension 'powershell' for command environment: Not usable outside of PowerShell
[9.587s] DEBUG:colcon.colcon_core.shell:Skip shell extension 'dsv' for command environment
[10.680s] INFO:colcon.colcon_core.task.python.build:Building Python package in '/home/burger/ros2_ws/src/ironman_chase_object'
[10.740s] INFO:colcon.colcon_core.shell:Skip shell extension 'powershell' for command environment: Not usable outside of PowerShell
[10.741s] DEBUG:colcon.colcon_core.shell:Skip shell extension 'dsv' for command environment
[14.099s] DEBUG:colcon.colcon_core.event_handler.log_command:Invoking command in '/home/burger/ros2_ws/src/ironman_chase_object': PYTHONPATH=/home/burger/ros2_ws/src/ironman_chase_object/build/ironman_chase_object/prefix_override:/home/burger/ros2_ws/src/ironman_chase_object/install/ironman_chase_object/lib/python3.10/site-packages:${PYTHONPATH} /usr/bin/python3 setup.py egg_info --egg-base build/ironman_chase_object build --build-base /home/burger/ros2_ws/src/ironman_chase_object/build/ironman_chase_object/build install --record /home/burger/ros2_ws/src/ironman_chase_object/build/ironman_chase_object/install.log --single-version-externally-managed
[35.119s] DEBUG:colcon.colcon_core.event_handler.log_command:Invoked command in '/home/burger/ros2_ws/src/ironman_chase_object' returned '0': PYTHONPATH=/home/burger/ros2_ws/src/ironman_chase_object/build/ironman_chase_object/prefix_override:/home/burger/ros2_ws/src/ironman_chase_object/install/ironman_chase_object/lib/python3.10/site-packages:${PYTHONPATH} /usr/bin/python3 setup.py egg_info --egg-base build/ironman_chase_object build --build-base /home/burger/ros2_ws/src/ironman_chase_object/build/ironman_chase_object/build install --record /home/burger/ros2_ws/src/ironman_chase_object/build/ironman_chase_object/install.log --single-version-externally-managed
[35.211s] Level 1:colcon.colcon_core.environment:checking '/home/burger/ros2_ws/src/ironman_chase_object/install/ironman_chase_object' for CMake module files
[35.214s] Level 1:colcon.colcon_core.environment:checking '/home/burger/ros2_ws/src/ironman_chase_object/install/ironman_chase_object' for CMake config files
[35.219s] Level 1:colcon.colcon_core.environment:checking '/home/burger/ros2_ws/src/ironman_chase_object/install/ironman_chase_object/lib'
[35.219s] Level 1:colcon.colcon_core.environment:checking '/home/burger/ros2_ws/src/ironman_chase_object/install/ironman_chase_object/bin'
[35.220s] Level 1:colcon.colcon_core.environment:checking '/home/burger/ros2_ws/src/ironman_chase_object/install/ironman_chase_object/lib/pkgconfig/ironman_chase_object.pc'
[35.221s] Level 1:colcon.colcon_core.environment:checking '/home/burger/ros2_ws/src/ironman_chase_object/install/ironman_chase_object/lib/python3.10/site-packages'
[35.221s] Level 1:colcon.colcon_core.shell:create_environment_hook('ironman_chase_object', 'pythonpath')
[35.280s] INFO:colcon.colcon_core.shell:Creating environment hook '/home/burger/ros2_ws/src/ironman_chase_object/install/ironman_chase_object/share/ironman_chase_object/hook/pythonpath.ps1'
[35.282s] INFO:colcon.colcon_core.shell:Creating environment descriptor '/home/burger/ros2_ws/src/ironman_chase_object/install/ironman_chase_object/share/ironman_chase_object/hook/pythonpath.dsv'
[35.284s] INFO:colcon.colcon_core.shell:Creating environment hook '/home/burger/ros2_ws/src/ironman_chase_object/install/ironman_chase_object/share/ironman_chase_object/hook/pythonpath.sh'
[35.286s] Level 1:colcon.colcon_core.environment:checking '/home/burger/ros2_ws/src/ironman_chase_object/install/ironman_chase_object/bin'
[35.287s] Level 1:colcon.colcon_core.environment:create_environment_scripts_only(ironman_chase_object)
[35.346s] INFO:colcon.colcon_core.shell:Creating package script '/home/burger/ros2_ws/src/ironman_chase_object/install/ironman_chase_object/share/ironman_chase_object/package.ps1'
[35.351s] INFO:colcon.colcon_core.shell:Creating package descriptor '/home/burger/ros2_ws/src/ironman_chase_object/install/ironman_chase_object/share/ironman_chase_object/package.dsv'
[35.356s] INFO:colcon.colcon_core.shell:Creating package script '/home/burger/ros2_ws/src/ironman_chase_object/install/ironman_chase_object/share/ironman_chase_object/package.sh'
[35.363s] INFO:colcon.colcon_core.shell:Creating package script '/home/burger/ros2_ws/src/ironman_chase_object/install/ironman_chase_object/share/ironman_chase_object/package.bash'
[35.370s] INFO:colcon.colcon_core.shell:Creating package script '/home/burger/ros2_ws/src/ironman_chase_object/install/ironman_chase_object/share/ironman_chase_object/package.zsh'
[35.377s] Level 1:colcon.colcon_core.environment:create_file_with_runtime_dependencies(/home/burger/ros2_ws/src/ironman_chase_object/install/ironman_chase_object/share/colcon-core/packages/ironman_chase_object)
[35.379s] DEBUG:colcon.colcon_parallel_executor.executor.parallel:closing loop
[35.381s] DEBUG:colcon.colcon_parallel_executor.executor.parallel:loop closed
[35.381s] DEBUG:colcon.colcon_parallel_executor.executor.parallel:run_until_complete finished with '0'
[35.381s] DEBUG:colcon.colcon_core.event_reactor:joining thread
[35.468s] INFO:colcon.colcon_core.plugin_system:Skipping extension 'colcon_notification.desktop_notification.notify_send': Could not find 'notify-send'
[35.469s] INFO:colcon.colcon_core.plugin_system:Skipping extension 'colcon_notification.desktop_notification.terminal_notifier': Not used on non-Darwin systems
[35.469s] INFO:colcon.colcon_core.plugin_system:Skipping extension 'colcon_notification.desktop_notification.win32': Not used on non-Windows systems
[35.469s] INFO:colcon.colcon_notification.desktop_notification:Sending desktop notification using 'notify2'
[35.542s] DEBUG:colcon.colcon_notification.desktop_notification.notify2:Failed to initialize notify2: org.freedesktop.DBus.Error.ServiceUnknown: The name org.freedesktop.Notifications was not provided by any .service files
[35.543s] DEBUG:colcon.colcon_core.event_reactor:joined thread
[35.604s] INFO:colcon.colcon_core.shell:Creating prefix script '/home/burger/ros2_ws/src/ironman_chase_object/install/local_setup.ps1'
[35.608s] INFO:colcon.colcon_core.shell:Creating prefix util module '/home/burger/ros2_ws/src/ironman_chase_object/install/_local_setup_util_ps1.py'
[35.766s] INFO:colcon.colcon_core.shell:Creating prefix chain script '/home/burger/ros2_ws/src/ironman_chase_object/install/setup.ps1'
[35.832s] INFO:colcon.colcon_core.shell:Creating prefix script '/home/burger/ros2_ws/src/ironman_chase_object/install/local_setup.sh'
[35.837s] INFO:colcon.colcon_core.shell:Creating prefix util module '/home/burger/ros2_ws/src/ironman_chase_object/install/_local_setup_util_sh.py'
[35.839s] INFO:colcon.colcon_core.shell:Creating prefix chain script '/home/burger/ros2_ws/src/ironman_chase_object/install/setup.sh'
[35.905s] INFO:colcon.colcon_core.shell:Creating prefix script '/home/burger/ros2_ws/src/ironman_chase_object/install/local_setup.bash'
[35.910s] INFO:colcon.colcon_core.shell:Creating prefix chain script '/home/burger/ros2_ws/src/ironman_chase_object/install/setup.bash'
[35.976s] INFO:colcon.colcon_core.shell:Creating prefix script '/home/burger/ros2_ws/src/ironman_chase_object/install/local_setup.zsh'
[35.982s] INFO:colcon.colcon_core.shell:Creating prefix chain script '/home/burger/ros2_ws/src/ironman_chase_object/install/setup.zsh'
