running egg_info
writing build/ironman_chase_object/ironman_chase_object.egg-info/PKG-INFO
writing dependency_links to build/ironman_chase_object/ironman_chase_object.egg-info/dependency_links.txt
writing entry points to build/ironman_chase_object/ironman_chase_object.egg-info/entry_points.txt
writing requirements to build/ironman_chase_object/ironman_chase_object.egg-info/requires.txt
writing top-level names to build/ironman_chase_object/ironman_chase_object.egg-info/top_level.txt
reading manifest file 'build/ironman_chase_object/ironman_chase_object.egg-info/SOURCES.txt'
writing manifest file 'build/ironman_chase_object/ironman_chase_object.egg-info/SOURCES.txt'
running build
running build_py
copying ironman_chase_object/velocity_controller.py -> /home/burger/ros2_ws/src/ironman_chase_object/build/ironman_chase_object/build/lib/ironman_chase_object
copying ironman_chase_object/get_object_range.py -> /home/burger/ros2_ws/src/ironman_chase_object/build/ironman_chase_object/build/lib/ironman_chase_object
running install
running install_lib
copying /home/burger/ros2_ws/src/ironman_chase_object/build/ironman_chase_object/build/lib/ironman_chase_object/velocity_controller.py -> /home/burger/ros2_ws/src/ironman_chase_object/install/ironman_chase_object/lib/python3.10/site-packages/ironman_chase_object
copying /home/burger/ros2_ws/src/ironman_chase_object/build/ironman_chase_object/build/lib/ironman_chase_object/get_object_range.py -> /home/burger/ros2_ws/src/ironman_chase_object/install/ironman_chase_object/lib/python3.10/site-packages/ironman_chase_object
byte-compiling /home/burger/ros2_ws/src/ironman_chase_object/install/ironman_chase_object/lib/python3.10/site-packages/ironman_chase_object/velocity_controller.py to velocity_controller.cpython-310.pyc
byte-compiling /home/burger/ros2_ws/src/ironman_chase_object/install/ironman_chase_object/lib/python3.10/site-packages/ironman_chase_object/get_object_range.py to get_object_range.cpython-310.pyc
running install_data
running install_egg_info
removing '/home/burger/ros2_ws/src/ironman_chase_object/install/ironman_chase_object/lib/python3.10/site-packages/ironman_chase_object-0.0.0-py3.10.egg-info' (and everything under it)
Copying build/ironman_chase_object/ironman_chase_object.egg-info to /home/burger/ros2_ws/src/ironman_chase_object/install/ironman_chase_object/lib/python3.10/site-packages/ironman_chase_object-0.0.0-py3.10.egg-info
running install_scripts
Installing object_detection_node script to /home/burger/ros2_ws/src/ironman_chase_object/install/ironman_chase_object/lib/ironman_chase_object
Installing velocity_controller script to /home/burger/ros2_ws/src/ironman_chase_object/install/ironman_chase_object/lib/ironman_chase_object
Installing view_image_raw script to /home/burger/ros2_ws/src/ironman_chase_object/install/ironman_chase_object/lib/ironman_chase_object
writing list of installed files to '/home/burger/ros2_ws/src/ironman_chase_object/build/ironman_chase_object/install.log'
