[0.073s] DEBUG:colcon:Command line arguments: ['/usr/bin/colcon', 'build']
[0.073s] DEBUG:colcon:Parsed command line arguments: Namespace(log_base=None, log_level=None, verb_name='build', build_base='build', install_base='install', merge_install=False, symlink_install=False, test_result_base=None, continue_on_error=False, executor='parallel', parallel_workers=24, event_handlers=None, ignore_user_meta=False, metas=['./colcon.meta'], base_paths=['.'], packages_ignore=None, packages_ignore_regex=None, paths=None, packages_up_to=None, packages_up_to_regex=None, packages_above=None, packages_above_and_dependencies=None, packages_above_depth=None, packages_select_by_dep=None, packages_skip_by_dep=None, packages_skip_up_to=None, packages_select_build_failed=False, packages_skip_build_finished=False, packages_select_test_failures=False, packages_skip_test_passed=False, packages_select=None, packages_skip=None, packages_select_regex=None, packages_skip_regex=None, packages_start=None, packages_end=None, allow_overriding=[], cmake_args=None, cmake_target=None, cmake_target_skip_unavailable=False, cmake_clean_cache=False, cmake_clean_first=False, cmake_force_configure=False, ament_cmake_args=None, catkin_cmake_args=None, catkin_skip_building_tests=False, mixin_files=None, mixin=None, verb_parser=<colcon_mixin.mixin.mixin_argument.MixinArgumentDecorator object at 0x75acaa962950>, verb_extension=<colcon_core.verb.build.BuildVerb object at 0x75acaa961f00>, main=<bound method BuildVerb.main of <colcon_core.verb.build.BuildVerb object at 0x75acaa961f00>>, mixin_verb=('build',))
[0.190s] Level 1:colcon.colcon_core.package_discovery:discover_packages(colcon_meta) check parameters
[0.190s] Level 1:colcon.colcon_core.package_discovery:discover_packages(recursive) check parameters
[0.190s] Level 1:colcon.colcon_core.package_discovery:discover_packages(ignore) check parameters
[0.190s] Level 1:colcon.colcon_core.package_discovery:discover_packages(path) check parameters
[0.190s] Level 1:colcon.colcon_core.package_discovery:discover_packages(colcon_meta) discover
[0.190s] Level 1:colcon.colcon_core.package_discovery:discover_packages(recursive) discover
[0.190s] INFO:colcon.colcon_core.package_discovery:Crawling recursively for packages in '/home/michaelangelo/ironman_navigate_to_goal'
[0.190s] Level 1:colcon.colcon_core.package_identification:_identify(.) by extensions ['ignore', 'ignore_ament_install']
[0.190s] Level 1:colcon.colcon_core.package_identification:_identify(.) by extension 'ignore'
[0.190s] Level 1:colcon.colcon_core.package_identification:_identify(.) by extension 'ignore_ament_install'
[0.190s] Level 1:colcon.colcon_core.package_identification:_identify(.) by extensions ['colcon_pkg']
[0.190s] Level 1:colcon.colcon_core.package_identification:_identify(.) by extension 'colcon_pkg'
[0.190s] Level 1:colcon.colcon_core.package_identification:_identify(.) by extensions ['colcon_meta']
[0.190s] Level 1:colcon.colcon_core.package_identification:_identify(.) by extension 'colcon_meta'
[0.191s] Level 1:colcon.colcon_core.package_identification:_identify(.) by extensions ['ros']
[0.191s] Level 1:colcon.colcon_core.package_identification:_identify(.) by extension 'ros'
[0.197s] DEBUG:colcon.colcon_core.package_identification:Package '.' with type 'ros.ament_python' and name 'ironman_chase_object'
[0.197s] Level 1:colcon.colcon_core.package_discovery:discover_packages(recursive) using defaults
[0.197s] Level 1:colcon.colcon_core.package_discovery:discover_packages(ignore) discover
[0.197s] Level 1:colcon.colcon_core.package_discovery:discover_packages(ignore) using defaults
[0.197s] Level 1:colcon.colcon_core.package_discovery:discover_packages(path) discover
[0.197s] Level 1:colcon.colcon_core.package_discovery:discover_packages(path) using defaults
[0.216s] Level 1:colcon.colcon_core.package_discovery:discover_packages(prefix_path) check parameters
[0.216s] Level 1:colcon.colcon_core.package_discovery:discover_packages(prefix_path) discover
[0.218s] DEBUG:colcon.colcon_installed_package_information.package_discovery:Found 32 installed packages in /home/michaelangelo/turtlebot3_ws/install
[0.219s] DEBUG:colcon.colcon_installed_package_information.package_discovery:Found 381 installed packages in /opt/ros/humble
[0.220s] Level 1:colcon.colcon_core.package_discovery:discover_packages(prefix_path) using defaults
[0.260s] Level 5:colcon.colcon_core.verb:set package 'ironman_chase_object' build argument 'cmake_args' from command line to 'None'
[0.260s] Level 5:colcon.colcon_core.verb:set package 'ironman_chase_object' build argument 'cmake_target' from command line to 'None'
[0.260s] Level 5:colcon.colcon_core.verb:set package 'ironman_chase_object' build argument 'cmake_target_skip_unavailable' from command line to 'False'
[0.260s] Level 5:colcon.colcon_core.verb:set package 'ironman_chase_object' build argument 'cmake_clean_cache' from command line to 'False'
[0.260s] Level 5:colcon.colcon_core.verb:set package 'ironman_chase_object' build argument 'cmake_clean_first' from command line to 'False'
[0.260s] Level 5:colcon.colcon_core.verb:set package 'ironman_chase_object' build argument 'cmake_force_configure' from command line to 'False'
[0.260s] Level 5:colcon.colcon_core.verb:set package 'ironman_chase_object' build argument 'ament_cmake_args' from command line to 'None'
[0.260s] Level 5:colcon.colcon_core.verb:set package 'ironman_chase_object' build argument 'catkin_cmake_args' from command line to 'None'
[0.260s] Level 5:colcon.colcon_core.verb:set package 'ironman_chase_object' build argument 'catkin_skip_building_tests' from command line to 'False'
[0.260s] DEBUG:colcon.colcon_core.verb:Building package 'ironman_chase_object' with the following arguments: {'ament_cmake_args': None, 'build_base': '/home/michaelangelo/ironman_navigate_to_goal/build/ironman_chase_object', 'catkin_cmake_args': None, 'catkin_skip_building_tests': False, 'cmake_args': None, 'cmake_clean_cache': False, 'cmake_clean_first': False, 'cmake_force_configure': False, 'cmake_target': None, 'cmake_target_skip_unavailable': False, 'install_base': '/home/michaelangelo/ironman_navigate_to_goal/install/ironman_chase_object', 'merge_install': False, 'path': '/home/michaelangelo/ironman_navigate_to_goal', 'symlink_install': False, 'test_result_base': None}
[0.260s] INFO:colcon.colcon_core.executor:Executing jobs using 'parallel' executor
[0.261s] DEBUG:colcon.colcon_parallel_executor.executor.parallel:run_until_complete
[0.261s] INFO:colcon.colcon_ros.task.ament_python.build:Building ROS package in '/home/michaelangelo/ironman_navigate_to_goal' with build type 'ament_python'
[0.261s] Level 1:colcon.colcon_core.shell:create_environment_hook('ironman_chase_object', 'ament_prefix_path')
[0.263s] INFO:colcon.colcon_core.plugin_system:Skipping extension 'colcon_core.shell.bat': Not used on non-Windows systems
[0.263s] INFO:colcon.colcon_core.shell:Creating environment hook '/home/michaelangelo/ironman_navigate_to_goal/install/ironman_chase_object/share/ironman_chase_object/hook/ament_prefix_path.ps1'
[0.264s] INFO:colcon.colcon_core.shell:Creating environment descriptor '/home/michaelangelo/ironman_navigate_to_goal/install/ironman_chase_object/share/ironman_chase_object/hook/ament_prefix_path.dsv'
[0.264s] INFO:colcon.colcon_core.shell:Creating environment hook '/home/michaelangelo/ironman_navigate_to_goal/install/ironman_chase_object/share/ironman_chase_object/hook/ament_prefix_path.sh'
[0.264s] INFO:colcon.colcon_core.shell:Skip shell extension 'powershell' for command environment: Not usable outside of PowerShell
[0.264s] DEBUG:colcon.colcon_core.shell:Skip shell extension 'dsv' for command environment
[0.386s] INFO:colcon.colcon_core.task.python.build:Building Python package in '/home/michaelangelo/ironman_navigate_to_goal'
[0.386s] INFO:colcon.colcon_core.shell:Skip shell extension 'powershell' for command environment: Not usable outside of PowerShell
[0.386s] DEBUG:colcon.colcon_core.shell:Skip shell extension 'dsv' for command environment
[0.596s] DEBUG:colcon.colcon_core.event_handler.log_command:Invoking command in '/home/michaelangelo/ironman_navigate_to_goal': PYTHONPATH=/home/michaelangelo/ironman_navigate_to_goal/build/ironman_chase_object/prefix_override:/usr/lib/python3/dist-packages/colcon_core/task/python/colcon_distutils_commands:/home/michaelangelo/ironman_navigate_to_goal/install/ironman_chase_object/lib/python3.10/site-packages:${PYTHONPATH} /usr/bin/python3 -W ignore:setup.py install is deprecated -W ignore:easy_install command is deprecated setup.py egg_info --egg-base build/ironman_chase_object build --build-base /home/michaelangelo/ironman_navigate_to_goal/build/ironman_chase_object/build install --record /home/michaelangelo/ironman_navigate_to_goal/build/ironman_chase_object/install.log --single-version-externally-managed install_data
[0.727s] DEBUG:colcon.colcon_core.event_handler.log_command:Invoked command in '/home/michaelangelo/ironman_navigate_to_goal' returned '0': PYTHONPATH=/home/michaelangelo/ironman_navigate_to_goal/build/ironman_chase_object/prefix_override:/usr/lib/python3/dist-packages/colcon_core/task/python/colcon_distutils_commands:/home/michaelangelo/ironman_navigate_to_goal/install/ironman_chase_object/lib/python3.10/site-packages:${PYTHONPATH} /usr/bin/python3 -W ignore:setup.py install is deprecated -W ignore:easy_install command is deprecated setup.py egg_info --egg-base build/ironman_chase_object build --build-base /home/michaelangelo/ironman_navigate_to_goal/build/ironman_chase_object/build install --record /home/michaelangelo/ironman_navigate_to_goal/build/ironman_chase_object/install.log --single-version-externally-managed install_data
[0.730s] Level 1:colcon.colcon_core.environment:checking '/home/michaelangelo/ironman_navigate_to_goal/install/ironman_chase_object' for CMake module files
[0.730s] Level 1:colcon.colcon_core.environment:checking '/home/michaelangelo/ironman_navigate_to_goal/install/ironman_chase_object' for CMake config files
[0.731s] Level 1:colcon.colcon_core.environment:checking '/home/michaelangelo/ironman_navigate_to_goal/install/ironman_chase_object/lib'
[0.731s] Level 1:colcon.colcon_core.environment:checking '/home/michaelangelo/ironman_navigate_to_goal/install/ironman_chase_object/bin'
[0.731s] Level 1:colcon.colcon_core.environment:checking '/home/michaelangelo/ironman_navigate_to_goal/install/ironman_chase_object/lib/pkgconfig/ironman_chase_object.pc'
[0.731s] Level 1:colcon.colcon_core.environment:checking '/home/michaelangelo/ironman_navigate_to_goal/install/ironman_chase_object/lib/python3.10/site-packages'
[0.731s] Level 1:colcon.colcon_core.shell:create_environment_hook('ironman_chase_object', 'pythonpath')
[0.731s] INFO:colcon.colcon_core.shell:Creating environment hook '/home/michaelangelo/ironman_navigate_to_goal/install/ironman_chase_object/share/ironman_chase_object/hook/pythonpath.ps1'
[0.731s] INFO:colcon.colcon_core.shell:Creating environment descriptor '/home/michaelangelo/ironman_navigate_to_goal/install/ironman_chase_object/share/ironman_chase_object/hook/pythonpath.dsv'
[0.731s] INFO:colcon.colcon_core.shell:Creating environment hook '/home/michaelangelo/ironman_navigate_to_goal/install/ironman_chase_object/share/ironman_chase_object/hook/pythonpath.sh'
[0.731s] Level 1:colcon.colcon_core.environment:checking '/home/michaelangelo/ironman_navigate_to_goal/install/ironman_chase_object/bin'
[0.732s] Level 1:colcon.colcon_core.environment:create_environment_scripts_only(ironman_chase_object)
[0.732s] INFO:colcon.colcon_core.shell:Creating package script '/home/michaelangelo/ironman_navigate_to_goal/install/ironman_chase_object/share/ironman_chase_object/package.ps1'
[0.732s] INFO:colcon.colcon_core.shell:Creating package descriptor '/home/michaelangelo/ironman_navigate_to_goal/install/ironman_chase_object/share/ironman_chase_object/package.dsv'
[0.733s] INFO:colcon.colcon_core.shell:Creating package script '/home/michaelangelo/ironman_navigate_to_goal/install/ironman_chase_object/share/ironman_chase_object/package.sh'
[0.733s] INFO:colcon.colcon_core.shell:Creating package script '/home/michaelangelo/ironman_navigate_to_goal/install/ironman_chase_object/share/ironman_chase_object/package.bash'
[0.733s] INFO:colcon.colcon_core.shell:Creating package script '/home/michaelangelo/ironman_navigate_to_goal/install/ironman_chase_object/share/ironman_chase_object/package.zsh'
[0.734s] Level 1:colcon.colcon_core.environment:create_file_with_runtime_dependencies(/home/michaelangelo/ironman_navigate_to_goal/install/ironman_chase_object/share/colcon-core/packages/ironman_chase_object)
[0.734s] DEBUG:colcon.colcon_parallel_executor.executor.parallel:closing loop
[0.734s] DEBUG:colcon.colcon_parallel_executor.executor.parallel:loop closed
[0.734s] DEBUG:colcon.colcon_parallel_executor.executor.parallel:run_until_complete finished with '0'
[0.734s] DEBUG:colcon.colcon_core.event_reactor:joining thread
[0.737s] INFO:colcon.colcon_core.plugin_system:Skipping extension 'colcon_notification.desktop_notification.terminal_notifier': Not used on non-Darwin systems
[0.737s] INFO:colcon.colcon_core.plugin_system:Skipping extension 'colcon_notification.desktop_notification.win32': Not used on non-Windows systems
[0.737s] INFO:colcon.colcon_notification.desktop_notification:Sending desktop notification using 'notify2'
[0.747s] DEBUG:colcon.colcon_core.event_reactor:joined thread
[0.747s] INFO:colcon.colcon_core.shell:Creating prefix script '/home/michaelangelo/ironman_navigate_to_goal/install/local_setup.ps1'
[0.747s] INFO:colcon.colcon_core.shell:Creating prefix util module '/home/michaelangelo/ironman_navigate_to_goal/install/_local_setup_util_ps1.py'
[0.748s] INFO:colcon.colcon_core.shell:Creating prefix chain script '/home/michaelangelo/ironman_navigate_to_goal/install/setup.ps1'
[0.749s] INFO:colcon.colcon_core.shell:Creating prefix script '/home/michaelangelo/ironman_navigate_to_goal/install/local_setup.sh'
[0.749s] INFO:colcon.colcon_core.shell:Creating prefix util module '/home/michaelangelo/ironman_navigate_to_goal/install/_local_setup_util_sh.py'
[0.749s] INFO:colcon.colcon_core.shell:Creating prefix chain script '/home/michaelangelo/ironman_navigate_to_goal/install/setup.sh'
[0.750s] INFO:colcon.colcon_core.shell:Creating prefix script '/home/michaelangelo/ironman_navigate_to_goal/install/local_setup.bash'
[0.751s] INFO:colcon.colcon_core.shell:Creating prefix chain script '/home/michaelangelo/ironman_navigate_to_goal/install/setup.bash'
[0.751s] INFO:colcon.colcon_core.shell:Creating prefix script '/home/michaelangelo/ironman_navigate_to_goal/install/local_setup.zsh'
[0.752s] INFO:colcon.colcon_core.shell:Creating prefix chain script '/home/michaelangelo/ironman_navigate_to_goal/install/setup.zsh'
