[4.446s] Invoking command in '/home/burger/ros2_ws/src/ironman_chase_object': PYTHONPATH=/home/burger/ros2_ws/src/ironman_chase_object/build/ironman_chase_object/prefix_override:/home/burger/ros2_ws/src/ironman_chase_object/install/ironman_chase_object/lib/python3.10/site-packages:${PYTHONPATH} /usr/bin/python3 setup.py egg_info --egg-base build/ironman_chase_object build --build-base /home/burger/ros2_ws/src/ironman_chase_object/build/ironman_chase_object/build install --record /home/burger/ros2_ws/src/ironman_chase_object/build/ironman_chase_object/install.log --single-version-externally-managed
[5.487s] running egg_info
[5.558s] writing build/ironman_chase_object/ironman_chase_object.egg-info/PKG-INFO
[5.561s] writing dependency_links to build/ironman_chase_object/ironman_chase_object.egg-info/dependency_links.txt
[5.563s] writing entry points to build/ironman_chase_object/ironman_chase_object.egg-info/entry_points.txt
[5.566s] writing requirements to build/ironman_chase_object/ironman_chase_object.egg-info/requires.txt
[5.568s] writing top-level names to build/ironman_chase_object/ironman_chase_object.egg-info/top_level.txt
[5.699s] reading manifest file 'build/ironman_chase_object/ironman_chase_object.egg-info/SOURCES.txt'
[5.704s] writing manifest file 'build/ironman_chase_object/ironman_chase_object.egg-info/SOURCES.txt'
[5.705s] running build
[5.705s] running build_py
[5.707s] copying ironman_chase_object/velocity_controller.py -> /home/burger/ros2_ws/src/ironman_chase_object/build/ironman_chase_object/build/lib/ironman_chase_object
[5.709s] running install
[5.710s] /usr/local/lib/python3.10/dist-packages/setuptools/_distutils/cmd.py:66: SetuptoolsDeprecationWarning: setup.py install is deprecated.
[5.711s] !!
[5.711s] 
[5.711s]         ********************************************************************************
[5.712s]         Please avoid running ``setup.py`` directly.
[5.712s]         Instead, use pypa/build, pypa/installer or other
[5.712s]         standards-based tools.
[5.713s] 
[5.713s]         See https://blog.ganssle.io/articles/2021/10/setup-py-deprecated.html for details.
[5.714s]         ********************************************************************************
[5.714s] 
[5.714s] !!
[5.715s]   self.initialize_options()
[5.739s] running install_lib
[5.806s] copying /home/burger/ros2_ws/src/ironman_chase_object/build/ironman_chase_object/build/lib/ironman_chase_object/velocity_controller.py -> /home/burger/ros2_ws/src/ironman_chase_object/install/ironman_chase_object/lib/python3.10/site-packages/ironman_chase_object
[5.810s] byte-compiling /home/burger/ros2_ws/src/ironman_chase_object/install/ironman_chase_object/lib/python3.10/site-packages/ironman_chase_object/velocity_controller.py to velocity_controller.cpython-310.pyc
[5.814s] running install_data
[5.879s] running install_egg_info
[5.954s] removing '/home/burger/ros2_ws/src/ironman_chase_object/install/ironman_chase_object/lib/python3.10/site-packages/ironman_chase_object-0.0.0-py3.10.egg-info' (and everything under it)
[5.956s] Copying build/ironman_chase_object/ironman_chase_object.egg-info to /home/burger/ros2_ws/src/ironman_chase_object/install/ironman_chase_object/lib/python3.10/site-packages/ironman_chase_object-0.0.0-py3.10.egg-info
[5.965s] running install_scripts
[6.661s] Installing object_detection_node script to /home/burger/ros2_ws/src/ironman_chase_object/install/ironman_chase_object/lib/ironman_chase_object
[6.662s] Installing velocity_controller script to /home/burger/ros2_ws/src/ironman_chase_object/install/ironman_chase_object/lib/ironman_chase_object
[6.666s] Installing view_image_raw script to /home/burger/ros2_ws/src/ironman_chase_object/install/ironman_chase_object/lib/ironman_chase_object
[6.672s] writing list of installed files to '/home/burger/ros2_ws/src/ironman_chase_object/build/ironman_chase_object/install.log'
[6.821s] Invoked command in '/home/burger/ros2_ws/src/ironman_chase_object' returned '0': PYTHONPATH=/home/burger/ros2_ws/src/ironman_chase_object/build/ironman_chase_object/prefix_override:/home/burger/ros2_ws/src/ironman_chase_object/install/ironman_chase_object/lib/python3.10/site-packages:${PYTHONPATH} /usr/bin/python3 setup.py egg_info --egg-base build/ironman_chase_object build --build-base /home/burger/ros2_ws/src/ironman_chase_object/build/ironman_chase_object/build install --record /home/burger/ros2_ws/src/ironman_chase_object/build/ironman_chase_object/install.log --single-version-externally-managed
