[4.458s] DEBUG:colcon:Command line arguments: ['/usr/bin/colcon', 'build']
[4.458s] DEBUG:colcon:Parsed command line arguments: Namespace(log_base=None, log_level=None, verb_name='build', build_base='build', install_base='install', merge_install=False, symlink_install=False, test_result_base=None, continue_on_error=False, executor='parallel', parallel_workers=4, event_handlers=None, ignore_user_meta=False, metas=['./colcon.meta'], base_paths=['.'], packages_ignore=None, packages_ignore_regex=None, paths=None, packages_up_to=None, packages_up_to_regex=None, packages_above=None, packages_above_and_dependencies=None, packages_above_depth=None, packages_select_by_dep=None, packages_skip_by_dep=None, packages_skip_up_to=None, packages_select_build_failed=False, packages_skip_build_finished=False, packages_select_test_failures=False, packages_skip_test_passed=False, packages_select=None, packages_skip=None, packages_select_regex=None, packages_skip_regex=None, packages_start=None, packages_end=None, allow_overriding=[], cmake_args=None, cmake_target=None, cmake_target_skip_unavailable=False, cmake_clean_cache=False, cmake_clean_first=False, cmake_force_configure=False, ament_cmake_args=None, catkin_cmake_args=None, catkin_skip_building_tests=False, verb_parser=<colcon_defaults.argument_parser.defaults.DefaultArgumentsDecorator object at 0xffff990967a0>, verb_extension=<colcon_core.verb.build.BuildVerb object at 0xffff991f3cd0>, main=<bound method BuildVerb.main of <colcon_core.verb.build.BuildVerb object at 0xffff991f3cd0>>)
[4.719s] Level 1:colcon.colcon_core.package_discovery:discover_packages(colcon_meta) check parameters
[4.719s] Level 1:colcon.colcon_core.package_discovery:discover_packages(recursive) check parameters
[4.720s] Level 1:colcon.colcon_core.package_discovery:discover_packages(ignore) check parameters
[4.720s] Level 1:colcon.colcon_core.package_discovery:discover_packages(path) check parameters
[4.720s] Level 1:colcon.colcon_core.package_discovery:discover_packages(colcon_meta) discover
[4.720s] Level 1:colcon.colcon_core.package_discovery:discover_packages(recursive) discover
[4.720s] INFO:colcon.colcon_core.package_discovery:Crawling recursively for packages in '/home/burger/ros2_ws/src/ironman_chase_object'
[4.721s] Level 1:colcon.colcon_core.package_identification:_identify(.) by extensions ['ignore', 'ignore_ament_install']
[4.722s] Level 1:colcon.colcon_core.package_identification:_identify(.) by extension 'ignore'
[4.722s] Level 1:colcon.colcon_core.package_identification:_identify(.) by extension 'ignore_ament_install'
[4.723s] Level 1:colcon.colcon_core.package_identification:_identify(.) by extensions ['colcon_pkg']
[4.723s] Level 1:colcon.colcon_core.package_identification:_identify(.) by extension 'colcon_pkg'
[4.723s] Level 1:colcon.colcon_core.package_identification:_identify(.) by extensions ['colcon_meta']
[4.723s] Level 1:colcon.colcon_core.package_identification:_identify(.) by extension 'colcon_meta'
[4.724s] Level 1:colcon.colcon_core.package_identification:_identify(.) by extensions ['ros']
[4.724s] Level 1:colcon.colcon_core.package_identification:_identify(.) by extension 'ros'
[4.797s] DEBUG:colcon.colcon_core.package_identification:Package '.' with type 'ros.ament_python' and name 'ironman_chase_object'
[4.797s] Level 1:colcon.colcon_core.package_discovery:discover_packages(recursive) using defaults
[4.798s] Level 1:colcon.colcon_core.package_discovery:discover_packages(ignore) discover
[4.798s] Level 1:colcon.colcon_core.package_discovery:discover_packages(ignore) using defaults
[4.798s] Level 1:colcon.colcon_core.package_discovery:discover_packages(path) discover
[4.798s] Level 1:colcon.colcon_core.package_discovery:discover_packages(path) using defaults
[5.206s] Level 1:colcon.colcon_core.package_discovery:discover_packages(prefix_path) check parameters
[5.206s] Level 1:colcon.colcon_core.package_discovery:discover_packages(prefix_path) discover
[5.343s] DEBUG:colcon.colcon_installed_package_information.package_discovery:Found 0 installed packages in /home/burger/ros2_ws/src/ironman_chase_object/ironman_chase_object/install
[5.404s] DEBUG:colcon.colcon_installed_package_information.package_discovery:Found 1 installed packages in /home/burger/ros2_ws/src/ironman_chase_object/install
[5.474s] DEBUG:colcon.colcon_installed_package_information.package_discovery:Found 8 installed packages in /home/burger/dontTouch_ws/install
[5.543s] DEBUG:colcon.colcon_installed_package_information.package_discovery:Found 206 installed packages in /opt/ros/humble
[5.548s] Level 1:colcon.colcon_core.package_discovery:discover_packages(prefix_path) using defaults
[5.848s] Level 5:colcon.colcon_core.verb:set package 'ironman_chase_object' build argument 'cmake_args' from command line to 'None'
[5.848s] Level 5:colcon.colcon_core.verb:set package 'ironman_chase_object' build argument 'cmake_target' from command line to 'None'
[5.848s] Level 5:colcon.colcon_core.verb:set package 'ironman_chase_object' build argument 'cmake_target_skip_unavailable' from command line to 'False'
[5.849s] Level 5:colcon.colcon_core.verb:set package 'ironman_chase_object' build argument 'cmake_clean_cache' from command line to 'False'
[5.849s] Level 5:colcon.colcon_core.verb:set package 'ironman_chase_object' build argument 'cmake_clean_first' from command line to 'False'
[5.849s] Level 5:colcon.colcon_core.verb:set package 'ironman_chase_object' build argument 'cmake_force_configure' from command line to 'False'
[5.849s] Level 5:colcon.colcon_core.verb:set package 'ironman_chase_object' build argument 'ament_cmake_args' from command line to 'None'
[5.849s] Level 5:colcon.colcon_core.verb:set package 'ironman_chase_object' build argument 'catkin_cmake_args' from command line to 'None'
[5.849s] Level 5:colcon.colcon_core.verb:set package 'ironman_chase_object' build argument 'catkin_skip_building_tests' from command line to 'False'
[5.849s] DEBUG:colcon.colcon_core.verb:Building package 'ironman_chase_object' with the following arguments: {'ament_cmake_args': None, 'build_base': '/home/burger/ros2_ws/src/ironman_chase_object/build/ironman_chase_object', 'catkin_cmake_args': None, 'catkin_skip_building_tests': False, 'cmake_args': None, 'cmake_clean_cache': False, 'cmake_clean_first': False, 'cmake_force_configure': False, 'cmake_target': None, 'cmake_target_skip_unavailable': False, 'install_base': '/home/burger/ros2_ws/src/ironman_chase_object/install/ironman_chase_object', 'merge_install': False, 'path': '/home/burger/ros2_ws/src/ironman_chase_object', 'symlink_install': False, 'test_result_base': None}
[5.908s] INFO:colcon.colcon_core.executor:Executing jobs using 'parallel' executor
[5.971s] DEBUG:colcon.colcon_parallel_executor.executor.parallel:run_until_complete
[5.973s] INFO:colcon.colcon_ros.task.ament_python.build:Building ROS package in '/home/burger/ros2_ws/src/ironman_chase_object' with build type 'ament_python'
[5.975s] Level 1:colcon.colcon_core.shell:create_environment_hook('ironman_chase_object', 'ament_prefix_path')
[6.054s] INFO:colcon.colcon_core.plugin_system:Skipping extension 'colcon_core.shell.bat': Not used on non-Windows systems
[6.054s] INFO:colcon.colcon_core.shell:Creating environment hook '/home/burger/ros2_ws/src/ironman_chase_object/install/ironman_chase_object/share/ironman_chase_object/hook/ament_prefix_path.ps1'
[6.057s] INFO:colcon.colcon_core.shell:Creating environment descriptor '/home/burger/ros2_ws/src/ironman_chase_object/install/ironman_chase_object/share/ironman_chase_object/hook/ament_prefix_path.dsv'
[6.059s] INFO:colcon.colcon_core.shell:Creating environment hook '/home/burger/ros2_ws/src/ironman_chase_object/install/ironman_chase_object/share/ironman_chase_object/hook/ament_prefix_path.sh'
[6.124s] INFO:colcon.colcon_core.shell:Skip shell extension 'powershell' for command environment: Not usable outside of PowerShell
[6.124s] DEBUG:colcon.colcon_core.shell:Skip shell extension 'dsv' for command environment
[7.454s] INFO:colcon.colcon_core.task.python.build:Building Python package in '/home/burger/ros2_ws/src/ironman_chase_object'
[7.523s] INFO:colcon.colcon_core.shell:Skip shell extension 'powershell' for command environment: Not usable outside of PowerShell
[7.523s] DEBUG:colcon.colcon_core.shell:Skip shell extension 'dsv' for command environment
[10.422s] DEBUG:colcon.colcon_core.event_handler.log_command:Invoking command in '/home/burger/ros2_ws/src/ironman_chase_object': PYTHONPATH=/home/burger/ros2_ws/src/ironman_chase_object/build/ironman_chase_object/prefix_override:/home/burger/ros2_ws/src/ironman_chase_object/install/ironman_chase_object/lib/python3.10/site-packages:${PYTHONPATH} /usr/bin/python3 setup.py egg_info --egg-base build/ironman_chase_object build --build-base /home/burger/ros2_ws/src/ironman_chase_object/build/ironman_chase_object/build install --record /home/burger/ros2_ws/src/ironman_chase_object/build/ironman_chase_object/install.log --single-version-externally-managed
[12.797s] DEBUG:colcon.colcon_core.event_handler.log_command:Invoked command in '/home/burger/ros2_ws/src/ironman_chase_object' returned '0': PYTHONPATH=/home/burger/ros2_ws/src/ironman_chase_object/build/ironman_chase_object/prefix_override:/home/burger/ros2_ws/src/ironman_chase_object/install/ironman_chase_object/lib/python3.10/site-packages:${PYTHONPATH} /usr/bin/python3 setup.py egg_info --egg-base build/ironman_chase_object build --build-base /home/burger/ros2_ws/src/ironman_chase_object/build/ironman_chase_object/build install --record /home/burger/ros2_ws/src/ironman_chase_object/build/ironman_chase_object/install.log --single-version-externally-managed
[12.874s] Level 1:colcon.colcon_core.environment:checking '/home/burger/ros2_ws/src/ironman_chase_object/install/ironman_chase_object' for CMake module files
[12.882s] Level 1:colcon.colcon_core.environment:checking '/home/burger/ros2_ws/src/ironman_chase_object/install/ironman_chase_object' for CMake config files
[12.886s] Level 1:colcon.colcon_core.environment:checking '/home/burger/ros2_ws/src/ironman_chase_object/install/ironman_chase_object/lib'
[12.887s] Level 1:colcon.colcon_core.environment:checking '/home/burger/ros2_ws/src/ironman_chase_object/install/ironman_chase_object/bin'
[12.887s] Level 1:colcon.colcon_core.environment:checking '/home/burger/ros2_ws/src/ironman_chase_object/install/ironman_chase_object/lib/pkgconfig/ironman_chase_object.pc'
[12.888s] Level 1:colcon.colcon_core.environment:checking '/home/burger/ros2_ws/src/ironman_chase_object/install/ironman_chase_object/lib/python3.10/site-packages'
[12.888s] Level 1:colcon.colcon_core.shell:create_environment_hook('ironman_chase_object', 'pythonpath')
[12.951s] INFO:colcon.colcon_core.shell:Creating environment hook '/home/burger/ros2_ws/src/ironman_chase_object/install/ironman_chase_object/share/ironman_chase_object/hook/pythonpath.ps1'
[12.953s] INFO:colcon.colcon_core.shell:Creating environment descriptor '/home/burger/ros2_ws/src/ironman_chase_object/install/ironman_chase_object/share/ironman_chase_object/hook/pythonpath.dsv'
[12.955s] INFO:colcon.colcon_core.shell:Creating environment hook '/home/burger/ros2_ws/src/ironman_chase_object/install/ironman_chase_object/share/ironman_chase_object/hook/pythonpath.sh'
[12.958s] Level 1:colcon.colcon_core.environment:checking '/home/burger/ros2_ws/src/ironman_chase_object/install/ironman_chase_object/bin'
[12.958s] Level 1:colcon.colcon_core.environment:create_environment_scripts_only(ironman_chase_object)
[13.027s] INFO:colcon.colcon_core.shell:Creating package script '/home/burger/ros2_ws/src/ironman_chase_object/install/ironman_chase_object/share/ironman_chase_object/package.ps1'
[13.030s] INFO:colcon.colcon_core.shell:Creating package descriptor '/home/burger/ros2_ws/src/ironman_chase_object/install/ironman_chase_object/share/ironman_chase_object/package.dsv'
[13.033s] INFO:colcon.colcon_core.shell:Creating package script '/home/burger/ros2_ws/src/ironman_chase_object/install/ironman_chase_object/share/ironman_chase_object/package.sh'
[13.037s] INFO:colcon.colcon_core.shell:Creating package script '/home/burger/ros2_ws/src/ironman_chase_object/install/ironman_chase_object/share/ironman_chase_object/package.bash'
[13.041s] INFO:colcon.colcon_core.shell:Creating package script '/home/burger/ros2_ws/src/ironman_chase_object/install/ironman_chase_object/share/ironman_chase_object/package.zsh'
[13.044s] Level 1:colcon.colcon_core.environment:create_file_with_runtime_dependencies(/home/burger/ros2_ws/src/ironman_chase_object/install/ironman_chase_object/share/colcon-core/packages/ironman_chase_object)
[13.046s] DEBUG:colcon.colcon_parallel_executor.executor.parallel:closing loop
[13.048s] DEBUG:colcon.colcon_parallel_executor.executor.parallel:loop closed
[13.048s] DEBUG:colcon.colcon_parallel_executor.executor.parallel:run_until_complete finished with '0'
[13.048s] DEBUG:colcon.colcon_core.event_reactor:joining thread
[13.145s] INFO:colcon.colcon_core.plugin_system:Skipping extension 'colcon_notification.desktop_notification.notify_send': Could not find 'notify-send'
[13.146s] INFO:colcon.colcon_core.plugin_system:Skipping extension 'colcon_notification.desktop_notification.terminal_notifier': Not used on non-Darwin systems
[13.146s] INFO:colcon.colcon_core.plugin_system:Skipping extension 'colcon_notification.desktop_notification.win32': Not used on non-Windows systems
[13.146s] INFO:colcon.colcon_notification.desktop_notification:Sending desktop notification using 'notify2'
[13.149s] DEBUG:colcon.colcon_notification.desktop_notification.notify2:Failed to initialize notify2: org.freedesktop.DBus.Error.ServiceUnknown: The name org.freedesktop.Notifications was not provided by any .service files
[13.149s] DEBUG:colcon.colcon_core.event_reactor:joined thread
[13.225s] INFO:colcon.colcon_core.shell:Creating prefix script '/home/burger/ros2_ws/src/ironman_chase_object/install/local_setup.ps1'
[13.229s] INFO:colcon.colcon_core.shell:Creating prefix util module '/home/burger/ros2_ws/src/ironman_chase_object/install/_local_setup_util_ps1.py'
[13.235s] INFO:colcon.colcon_core.shell:Creating prefix chain script '/home/burger/ros2_ws/src/ironman_chase_object/install/setup.ps1'
[13.304s] INFO:colcon.colcon_core.shell:Creating prefix script '/home/burger/ros2_ws/src/ironman_chase_object/install/local_setup.sh'
[13.307s] INFO:colcon.colcon_core.shell:Creating prefix util module '/home/burger/ros2_ws/src/ironman_chase_object/install/_local_setup_util_sh.py'
[13.310s] INFO:colcon.colcon_core.shell:Creating prefix chain script '/home/burger/ros2_ws/src/ironman_chase_object/install/setup.sh'
[13.389s] INFO:colcon.colcon_core.shell:Creating prefix script '/home/burger/ros2_ws/src/ironman_chase_object/install/local_setup.bash'
[13.391s] INFO:colcon.colcon_core.shell:Creating prefix chain script '/home/burger/ros2_ws/src/ironman_chase_object/install/setup.bash'
[13.460s] INFO:colcon.colcon_core.shell:Creating prefix script '/home/burger/ros2_ws/src/ironman_chase_object/install/local_setup.zsh'
[13.462s] INFO:colcon.colcon_core.shell:Creating prefix chain script '/home/burger/ros2_ws/src/ironman_chase_object/install/setup.zsh'
