[4.718s] Invoking command in '/home/burger/ros2_ws/src/ironman_chase_object': PYTHONPATH=/home/burger/ros2_ws/src/ironman_chase_object/build/ironman_chase_object/prefix_override:/home/burger/ros2_ws/src/ironman_chase_object/install/ironman_chase_object/lib/python3.10/site-packages:${PYTHONPATH} /usr/bin/python3 setup.py egg_info --egg-base build/ironman_chase_object build --build-base /home/burger/ros2_ws/src/ironman_chase_object/build/ironman_chase_object/build install --record /home/burger/ros2_ws/src/ironman_chase_object/build/ironman_chase_object/install.log --single-version-externally-managed
[5.683s] running egg_info
[5.685s] creating build/ironman_chase_object/ironman_chase_object.egg-info
[5.744s] writing build/ironman_chase_object/ironman_chase_object.egg-info/PKG-INFO
[5.745s] writing dependency_links to build/ironman_chase_object/ironman_chase_object.egg-info/dependency_links.txt
[5.746s] writing entry points to build/ironman_chase_object/ironman_chase_object.egg-info/entry_points.txt
[5.747s] writing requirements to build/ironman_chase_object/ironman_chase_object.egg-info/requires.txt
[5.748s] writing top-level names to build/ironman_chase_object/ironman_chase_object.egg-info/top_level.txt
[5.748s] writing manifest file 'build/ironman_chase_object/ironman_chase_object.egg-info/SOURCES.txt'
[5.877s] reading manifest file 'build/ironman_chase_object/ironman_chase_object.egg-info/SOURCES.txt'
[5.881s] writing manifest file 'build/ironman_chase_object/ironman_chase_object.egg-info/SOURCES.txt'
[5.882s] running build
[5.883s] running build_py
[5.884s] creating /home/burger/ros2_ws/src/ironman_chase_object/build/ironman_chase_object/build
[5.885s] creating /home/burger/ros2_ws/src/ironman_chase_object/build/ironman_chase_object/build/lib
[5.885s] creating /home/burger/ros2_ws/src/ironman_chase_object/build/ironman_chase_object/build/lib/ironman_chase_object
[5.886s] copying ironman_chase_object/velocity_controller.py -> /home/burger/ros2_ws/src/ironman_chase_object/build/ironman_chase_object/build/lib/ironman_chase_object
[5.886s] copying ironman_chase_object/view_image_raw.py -> /home/burger/ros2_ws/src/ironman_chase_object/build/ironman_chase_object/build/lib/ironman_chase_object
[5.888s] copying ironman_chase_object/__init__.py -> /home/burger/ros2_ws/src/ironman_chase_object/build/ironman_chase_object/build/lib/ironman_chase_object
[5.889s] copying ironman_chase_object/object_detection_node.py -> /home/burger/ros2_ws/src/ironman_chase_object/build/ironman_chase_object/build/lib/ironman_chase_object
[5.890s] running install
[5.897s] /usr/local/lib/python3.10/dist-packages/setuptools/_distutils/cmd.py:66: SetuptoolsDeprecationWarning: setup.py install is deprecated.
[5.897s] !!
[5.898s] 
[5.898s]         ********************************************************************************
[5.898s]         Please avoid running ``setup.py`` directly.
[5.898s]         Instead, use pypa/build, pypa/installer or other
[5.899s]         standards-based tools.
[5.899s] 
[5.900s]         See https://blog.ganssle.io/articles/2021/10/setup-py-deprecated.html for details.
[5.900s]         ********************************************************************************
[5.900s] 
[5.901s] !!
[5.901s]   self.initialize_options()
[5.918s] running install_lib
[5.979s] creating /home/burger/ros2_ws/src/ironman_chase_object/install/ironman_chase_object/lib/python3.10/site-packages/ironman_chase_object
[5.979s] copying /home/burger/ros2_ws/src/ironman_chase_object/build/ironman_chase_object/build/lib/ironman_chase_object/velocity_controller.py -> /home/burger/ros2_ws/src/ironman_chase_object/install/ironman_chase_object/lib/python3.10/site-packages/ironman_chase_object
[5.980s] copying /home/burger/ros2_ws/src/ironman_chase_object/build/ironman_chase_object/build/lib/ironman_chase_object/view_image_raw.py -> /home/burger/ros2_ws/src/ironman_chase_object/install/ironman_chase_object/lib/python3.10/site-packages/ironman_chase_object
[5.982s] copying /home/burger/ros2_ws/src/ironman_chase_object/build/ironman_chase_object/build/lib/ironman_chase_object/__init__.py -> /home/burger/ros2_ws/src/ironman_chase_object/install/ironman_chase_object/lib/python3.10/site-packages/ironman_chase_object
[5.983s] copying /home/burger/ros2_ws/src/ironman_chase_object/build/ironman_chase_object/build/lib/ironman_chase_object/object_detection_node.py -> /home/burger/ros2_ws/src/ironman_chase_object/install/ironman_chase_object/lib/python3.10/site-packages/ironman_chase_object
[5.986s] byte-compiling /home/burger/ros2_ws/src/ironman_chase_object/install/ironman_chase_object/lib/python3.10/site-packages/ironman_chase_object/velocity_controller.py to velocity_controller.cpython-310.pyc
[5.989s] byte-compiling /home/burger/ros2_ws/src/ironman_chase_object/install/ironman_chase_object/lib/python3.10/site-packages/ironman_chase_object/view_image_raw.py to view_image_raw.cpython-310.pyc
[5.993s] byte-compiling /home/burger/ros2_ws/src/ironman_chase_object/install/ironman_chase_object/lib/python3.10/site-packages/ironman_chase_object/__init__.py to __init__.cpython-310.pyc
[5.999s] byte-compiling /home/burger/ros2_ws/src/ironman_chase_object/install/ironman_chase_object/lib/python3.10/site-packages/ironman_chase_object/object_detection_node.py to object_detection_node.cpython-310.pyc
[6.000s] running install_data
[6.064s] creating /home/burger/ros2_ws/src/ironman_chase_object/install/ironman_chase_object/share/ament_index
[6.065s] creating /home/burger/ros2_ws/src/ironman_chase_object/install/ironman_chase_object/share/ament_index/resource_index
[6.065s] creating /home/burger/ros2_ws/src/ironman_chase_object/install/ironman_chase_object/share/ament_index/resource_index/packages
[6.069s] copying resource/ironman_chase_object -> /home/burger/ros2_ws/src/ironman_chase_object/install/ironman_chase_object/share/ament_index/resource_index/packages
[6.070s] copying package.xml -> /home/burger/ros2_ws/src/ironman_chase_object/install/ironman_chase_object/share/ironman_chase_object
[6.070s] running install_egg_info
[6.131s] Copying build/ironman_chase_object/ironman_chase_object.egg-info to /home/burger/ros2_ws/src/ironman_chase_object/install/ironman_chase_object/lib/python3.10/site-packages/ironman_chase_object-0.0.0-py3.10.egg-info
[6.138s] running install_scripts
[6.783s] Installing object_detection_node script to /home/burger/ros2_ws/src/ironman_chase_object/install/ironman_chase_object/lib/ironman_chase_object
[6.784s] Installing velocity_controller script to /home/burger/ros2_ws/src/ironman_chase_object/install/ironman_chase_object/lib/ironman_chase_object
[6.785s] Installing view_image_raw script to /home/burger/ros2_ws/src/ironman_chase_object/install/ironman_chase_object/lib/ironman_chase_object
[6.787s] writing list of installed files to '/home/burger/ros2_ws/src/ironman_chase_object/build/ironman_chase_object/install.log'
[6.926s] Invoked command in '/home/burger/ros2_ws/src/ironman_chase_object' returned '0': PYTHONPATH=/home/burger/ros2_ws/src/ironman_chase_object/build/ironman_chase_object/prefix_override:/home/burger/ros2_ws/src/ironman_chase_object/install/ironman_chase_object/lib/python3.10/site-packages:${PYTHONPATH} /usr/bin/python3 setup.py egg_info --egg-base build/ironman_chase_object build --build-base /home/burger/ros2_ws/src/ironman_chase_object/build/ironman_chase_object/build install --record /home/burger/ros2_ws/src/ironman_chase_object/build/ironman_chase_object/install.log --single-version-externally-managed
