[4.911s] DEBUG:colcon:Command line arguments: ['/usr/bin/colcon', 'build']
[4.912s] DEBUG:colcon:Parsed command line arguments: Namespace(log_base=None, log_level=None, verb_name='build', build_base='build', install_base='install', merge_install=False, symlink_install=False, test_result_base=None, continue_on_error=False, executor='parallel', parallel_workers=4, event_handlers=None, ignore_user_meta=False, metas=['./colcon.meta'], base_paths=['.'], packages_ignore=None, packages_ignore_regex=None, paths=None, packages_up_to=None, packages_up_to_regex=None, packages_above=None, packages_above_and_dependencies=None, packages_above_depth=None, packages_select_by_dep=None, packages_skip_by_dep=None, packages_skip_up_to=None, packages_select_build_failed=False, packages_skip_build_finished=False, packages_select_test_failures=False, packages_skip_test_passed=False, packages_select=None, packages_skip=None, packages_select_regex=None, packages_skip_regex=None, packages_start=None, packages_end=None, allow_overriding=[], cmake_args=None, cmake_target=None, cmake_target_skip_unavailable=False, cmake_clean_cache=False, cmake_clean_first=False, cmake_force_configure=False, ament_cmake_args=None, catkin_cmake_args=None, catkin_skip_building_tests=False, verb_parser=<colcon_defaults.argument_parser.defaults.DefaultArgumentsDecorator object at 0xffffb128a890>, verb_extension=<colcon_core.verb.build.BuildVerb object at 0xffffb13e2050>, main=<bound method BuildVerb.main of <colcon_core.verb.build.BuildVerb object at 0xffffb13e2050>>)
[5.321s] Level 1:colcon.colcon_core.package_discovery:discover_packages(colcon_meta) check parameters
[5.322s] Level 1:colcon.colcon_core.package_discovery:discover_packages(recursive) check parameters
[5.322s] Level 1:colcon.colcon_core.package_discovery:discover_packages(ignore) check parameters
[5.322s] Level 1:colcon.colcon_core.package_discovery:discover_packages(path) check parameters
[5.322s] Level 1:colcon.colcon_core.package_discovery:discover_packages(colcon_meta) discover
[5.322s] Level 1:colcon.colcon_core.package_discovery:discover_packages(recursive) discover
[5.323s] INFO:colcon.colcon_core.package_discovery:Crawling recursively for packages in '/home/burger/ros2_ws/src/ironman_chase_object'
[5.323s] Level 1:colcon.colcon_core.package_identification:_identify(.) by extensions ['ignore', 'ignore_ament_install']
[5.323s] Level 1:colcon.colcon_core.package_identification:_identify(.) by extension 'ignore'
[5.324s] Level 1:colcon.colcon_core.package_identification:_identify(.) by extension 'ignore_ament_install'
[5.324s] Level 1:colcon.colcon_core.package_identification:_identify(.) by extensions ['colcon_pkg']
[5.324s] Level 1:colcon.colcon_core.package_identification:_identify(.) by extension 'colcon_pkg'
[5.324s] Level 1:colcon.colcon_core.package_identification:_identify(.) by extensions ['colcon_meta']
[5.324s] Level 1:colcon.colcon_core.package_identification:_identify(.) by extension 'colcon_meta'
[5.325s] Level 1:colcon.colcon_core.package_identification:_identify(.) by extensions ['ros']
[5.325s] Level 1:colcon.colcon_core.package_identification:_identify(.) by extension 'ros'
[5.428s] DEBUG:colcon.colcon_core.package_identification:Package '.' with type 'ros.ament_python' and name 'ironman_chase_object'
[5.429s] Level 1:colcon.colcon_core.package_discovery:discover_packages(recursive) using defaults
[5.429s] Level 1:colcon.colcon_core.package_discovery:discover_packages(ignore) discover
[5.429s] Level 1:colcon.colcon_core.package_discovery:discover_packages(ignore) using defaults
[5.429s] Level 1:colcon.colcon_core.package_discovery:discover_packages(path) discover
[5.429s] Level 1:colcon.colcon_core.package_discovery:discover_packages(path) using defaults
[5.849s] Level 1:colcon.colcon_core.package_discovery:discover_packages(prefix_path) check parameters
[5.849s] Level 1:colcon.colcon_core.package_discovery:discover_packages(prefix_path) discover
[5.990s] DEBUG:colcon.colcon_installed_package_information.package_discovery:Found 8 installed packages in /home/burger/dontTouch_ws/install
[6.055s] DEBUG:colcon.colcon_installed_package_information.package_discovery:Found 206 installed packages in /opt/ros/humble
[6.059s] Level 1:colcon.colcon_core.package_discovery:discover_packages(prefix_path) using defaults
[6.369s] Level 5:colcon.colcon_core.verb:set package 'ironman_chase_object' build argument 'cmake_args' from command line to 'None'
[6.369s] Level 5:colcon.colcon_core.verb:set package 'ironman_chase_object' build argument 'cmake_target' from command line to 'None'
[6.369s] Level 5:colcon.colcon_core.verb:set package 'ironman_chase_object' build argument 'cmake_target_skip_unavailable' from command line to 'False'
[6.369s] Level 5:colcon.colcon_core.verb:set package 'ironman_chase_object' build argument 'cmake_clean_cache' from command line to 'False'
[6.370s] Level 5:colcon.colcon_core.verb:set package 'ironman_chase_object' build argument 'cmake_clean_first' from command line to 'False'
[6.370s] Level 5:colcon.colcon_core.verb:set package 'ironman_chase_object' build argument 'cmake_force_configure' from command line to 'False'
[6.370s] Level 5:colcon.colcon_core.verb:set package 'ironman_chase_object' build argument 'ament_cmake_args' from command line to 'None'
[6.370s] Level 5:colcon.colcon_core.verb:set package 'ironman_chase_object' build argument 'catkin_cmake_args' from command line to 'None'
[6.370s] Level 5:colcon.colcon_core.verb:set package 'ironman_chase_object' build argument 'catkin_skip_building_tests' from command line to 'False'
[6.370s] DEBUG:colcon.colcon_core.verb:Building package 'ironman_chase_object' with the following arguments: {'ament_cmake_args': None, 'build_base': '/home/burger/ros2_ws/src/ironman_chase_object/build/ironman_chase_object', 'catkin_cmake_args': None, 'catkin_skip_building_tests': False, 'cmake_args': None, 'cmake_clean_cache': False, 'cmake_clean_first': False, 'cmake_force_configure': False, 'cmake_target': None, 'cmake_target_skip_unavailable': False, 'install_base': '/home/burger/ros2_ws/src/ironman_chase_object/install/ironman_chase_object', 'merge_install': False, 'path': '/home/burger/ros2_ws/src/ironman_chase_object', 'symlink_install': False, 'test_result_base': None}
[6.429s] INFO:colcon.colcon_core.executor:Executing jobs using 'parallel' executor
[6.495s] DEBUG:colcon.colcon_parallel_executor.executor.parallel:run_until_complete
[6.496s] INFO:colcon.colcon_ros.task.ament_python.build:Building ROS package in '/home/burger/ros2_ws/src/ironman_chase_object' with build type 'ament_python'
[6.496s] Level 1:colcon.colcon_core.shell:create_environment_hook('ironman_chase_object', 'ament_prefix_path')
[6.586s] INFO:colcon.colcon_core.plugin_system:Skipping extension 'colcon_core.shell.bat': Not used on non-Windows systems
[6.586s] INFO:colcon.colcon_core.shell:Creating environment hook '/home/burger/ros2_ws/src/ironman_chase_object/install/ironman_chase_object/share/ironman_chase_object/hook/ament_prefix_path.ps1'
[6.591s] INFO:colcon.colcon_core.shell:Creating environment descriptor '/home/burger/ros2_ws/src/ironman_chase_object/install/ironman_chase_object/share/ironman_chase_object/hook/ament_prefix_path.dsv'
[6.596s] INFO:colcon.colcon_core.shell:Creating environment hook '/home/burger/ros2_ws/src/ironman_chase_object/install/ironman_chase_object/share/ironman_chase_object/hook/ament_prefix_path.sh'
[6.670s] INFO:colcon.colcon_core.shell:Skip shell extension 'powershell' for command environment: Not usable outside of PowerShell
[6.670s] DEBUG:colcon.colcon_core.shell:Skip shell extension 'dsv' for command environment
[7.770s] INFO:colcon.colcon_core.task.python.build:Building Python package in '/home/burger/ros2_ws/src/ironman_chase_object'
[7.831s] INFO:colcon.colcon_core.shell:Skip shell extension 'powershell' for command environment: Not usable outside of PowerShell
[7.831s] DEBUG:colcon.colcon_core.shell:Skip shell extension 'dsv' for command environment
[11.887s] DEBUG:colcon.colcon_core.event_handler.log_command:Invoking command in '/home/burger/ros2_ws/src/ironman_chase_object': PYTHONPATH=/home/burger/ros2_ws/src/ironman_chase_object/build/ironman_chase_object/prefix_override:/home/burger/ros2_ws/src/ironman_chase_object/install/ironman_chase_object/lib/python3.10/site-packages:${PYTHONPATH} /usr/bin/python3 setup.py egg_info --egg-base build/ironman_chase_object build --build-base /home/burger/ros2_ws/src/ironman_chase_object/build/ironman_chase_object/build install --record /home/burger/ros2_ws/src/ironman_chase_object/build/ironman_chase_object/install.log --single-version-externally-managed
[14.059s] DEBUG:colcon.colcon_core.event_handler.log_command:Invoked command in '/home/burger/ros2_ws/src/ironman_chase_object' returned '0': PYTHONPATH=/home/burger/ros2_ws/src/ironman_chase_object/build/ironman_chase_object/prefix_override:/home/burger/ros2_ws/src/ironman_chase_object/install/ironman_chase_object/lib/python3.10/site-packages:${PYTHONPATH} /usr/bin/python3 setup.py egg_info --egg-base build/ironman_chase_object build --build-base /home/burger/ros2_ws/src/ironman_chase_object/build/ironman_chase_object/build install --record /home/burger/ros2_ws/src/ironman_chase_object/build/ironman_chase_object/install.log --single-version-externally-managed
[14.151s] Level 1:colcon.colcon_core.environment:checking '/home/burger/ros2_ws/src/ironman_chase_object/install/ironman_chase_object' for CMake module files
[14.153s] Level 1:colcon.colcon_core.environment:checking '/home/burger/ros2_ws/src/ironman_chase_object/install/ironman_chase_object' for CMake config files
[14.158s] Level 1:colcon.colcon_core.environment:checking '/home/burger/ros2_ws/src/ironman_chase_object/install/ironman_chase_object/lib'
[14.158s] Level 1:colcon.colcon_core.environment:checking '/home/burger/ros2_ws/src/ironman_chase_object/install/ironman_chase_object/bin'
[14.159s] Level 1:colcon.colcon_core.environment:checking '/home/burger/ros2_ws/src/ironman_chase_object/install/ironman_chase_object/lib/pkgconfig/ironman_chase_object.pc'
[14.160s] Level 1:colcon.colcon_core.environment:checking '/home/burger/ros2_ws/src/ironman_chase_object/install/ironman_chase_object/lib/python3.10/site-packages'
[14.160s] Level 1:colcon.colcon_core.shell:create_environment_hook('ironman_chase_object', 'pythonpath')
[14.226s] INFO:colcon.colcon_core.shell:Creating environment hook '/home/burger/ros2_ws/src/ironman_chase_object/install/ironman_chase_object/share/ironman_chase_object/hook/pythonpath.ps1'
[14.228s] INFO:colcon.colcon_core.shell:Creating environment descriptor '/home/burger/ros2_ws/src/ironman_chase_object/install/ironman_chase_object/share/ironman_chase_object/hook/pythonpath.dsv'
[14.230s] INFO:colcon.colcon_core.shell:Creating environment hook '/home/burger/ros2_ws/src/ironman_chase_object/install/ironman_chase_object/share/ironman_chase_object/hook/pythonpath.sh'
[14.232s] Level 1:colcon.colcon_core.environment:checking '/home/burger/ros2_ws/src/ironman_chase_object/install/ironman_chase_object/bin'
[14.233s] Level 1:colcon.colcon_core.environment:create_environment_scripts_only(ironman_chase_object)
[14.292s] INFO:colcon.colcon_core.shell:Creating package script '/home/burger/ros2_ws/src/ironman_chase_object/install/ironman_chase_object/share/ironman_chase_object/package.ps1'
[14.297s] INFO:colcon.colcon_core.shell:Creating package descriptor '/home/burger/ros2_ws/src/ironman_chase_object/install/ironman_chase_object/share/ironman_chase_object/package.dsv'
[14.302s] INFO:colcon.colcon_core.shell:Creating package script '/home/burger/ros2_ws/src/ironman_chase_object/install/ironman_chase_object/share/ironman_chase_object/package.sh'
[14.308s] INFO:colcon.colcon_core.shell:Creating package script '/home/burger/ros2_ws/src/ironman_chase_object/install/ironman_chase_object/share/ironman_chase_object/package.bash'
[14.315s] INFO:colcon.colcon_core.shell:Creating package script '/home/burger/ros2_ws/src/ironman_chase_object/install/ironman_chase_object/share/ironman_chase_object/package.zsh'
[14.321s] Level 1:colcon.colcon_core.environment:create_file_with_runtime_dependencies(/home/burger/ros2_ws/src/ironman_chase_object/install/ironman_chase_object/share/colcon-core/packages/ironman_chase_object)
[14.323s] DEBUG:colcon.colcon_parallel_executor.executor.parallel:closing loop
[14.326s] DEBUG:colcon.colcon_parallel_executor.executor.parallel:loop closed
[14.326s] DEBUG:colcon.colcon_parallel_executor.executor.parallel:run_until_complete finished with '0'
[14.326s] DEBUG:colcon.colcon_core.event_reactor:joining thread
[14.419s] INFO:colcon.colcon_core.plugin_system:Skipping extension 'colcon_notification.desktop_notification.notify_send': Could not find 'notify-send'
[14.420s] INFO:colcon.colcon_core.plugin_system:Skipping extension 'colcon_notification.desktop_notification.terminal_notifier': Not used on non-Darwin systems
[14.420s] INFO:colcon.colcon_core.plugin_system:Skipping extension 'colcon_notification.desktop_notification.win32': Not used on non-Windows systems
[14.420s] INFO:colcon.colcon_notification.desktop_notification:Sending desktop notification using 'notify2'
[14.495s] DEBUG:colcon.colcon_notification.desktop_notification.notify2:Failed to initialize notify2: org.freedesktop.DBus.Error.ServiceUnknown: The name org.freedesktop.Notifications was not provided by any .service files
[14.496s] DEBUG:colcon.colcon_core.event_reactor:joined thread
[14.562s] INFO:colcon.colcon_core.shell:Creating prefix script '/home/burger/ros2_ws/src/ironman_chase_object/install/local_setup.ps1'
[14.566s] INFO:colcon.colcon_core.shell:Creating prefix util module '/home/burger/ros2_ws/src/ironman_chase_object/install/_local_setup_util_ps1.py'
[14.600s] INFO:colcon.colcon_core.shell:Creating prefix chain script '/home/burger/ros2_ws/src/ironman_chase_object/install/setup.ps1'
[14.666s] INFO:colcon.colcon_core.shell:Creating prefix script '/home/burger/ros2_ws/src/ironman_chase_object/install/local_setup.sh'
[14.671s] INFO:colcon.colcon_core.shell:Creating prefix util module '/home/burger/ros2_ws/src/ironman_chase_object/install/_local_setup_util_sh.py'
[14.674s] INFO:colcon.colcon_core.shell:Creating prefix chain script '/home/burger/ros2_ws/src/ironman_chase_object/install/setup.sh'
[14.744s] INFO:colcon.colcon_core.shell:Creating prefix script '/home/burger/ros2_ws/src/ironman_chase_object/install/local_setup.bash'
[14.748s] INFO:colcon.colcon_core.shell:Creating prefix chain script '/home/burger/ros2_ws/src/ironman_chase_object/install/setup.bash'
[14.812s] INFO:colcon.colcon_core.shell:Creating prefix script '/home/burger/ros2_ws/src/ironman_chase_object/install/local_setup.zsh'
[14.817s] INFO:colcon.colcon_core.shell:Creating prefix chain script '/home/burger/ros2_ws/src/ironman_chase_object/install/setup.zsh'
