/home/michaelangelo/ironman_navigate_to_goal/install/ironman_chase_object/lib/python3.10/site-packages/ironman_navigate_to_goal/view_image_raw.py
/home/michaelangelo/ironman_navigate_to_goal/install/ironman_chase_object/lib/python3.10/site-packages/ironman_navigate_to_goal/get_object_range.py
/home/michaelangelo/ironman_navigate_to_goal/install/ironman_chase_object/lib/python3.10/site-packages/ironman_navigate_to_goal/velocity_controller.py
/home/michaelangelo/ironman_navigate_to_goal/install/ironman_chase_object/lib/python3.10/site-packages/ironman_navigate_to_goal/object_detection_node.py
/home/michaelangelo/ironman_navigate_to_goal/install/ironman_chase_object/lib/python3.10/site-packages/ironman_navigate_to_goal/__init__.py
/home/michaelangelo/ironman_navigate_to_goal/install/ironman_chase_object/lib/python3.10/site-packages/ironman_navigate_to_goal/__pycache__/view_image_raw.cpython-310.pyc
/home/michaelangelo/ironman_navigate_to_goal/install/ironman_chase_object/lib/python3.10/site-packages/ironman_navigate_to_goal/__pycache__/get_object_range.cpython-310.pyc
/home/michaelangelo/ironman_navigate_to_goal/install/ironman_chase_object/lib/python3.10/site-packages/ironman_navigate_to_goal/__pycache__/velocity_controller.cpython-310.pyc
/home/michaelangelo/ironman_navigate_to_goal/install/ironman_chase_object/lib/python3.10/site-packages/ironman_navigate_to_goal/__pycache__/object_detection_node.cpython-310.pyc
/home/michaelangelo/ironman_navigate_to_goal/install/ironman_chase_object/lib/python3.10/site-packages/ironman_navigate_to_goal/__pycache__/__init__.cpython-310.pyc
/home/michaelangelo/ironman_navigate_to_goal/install/ironman_chase_object/share/ament_index/resource_index/packages/ironman_chase_object
/home/michaelangelo/ironman_navigate_to_goal/install/ironman_chase_object/share/ironman_chase_object/package.xml
/home/michaelangelo/ironman_navigate_to_goal/install/ironman_chase_object/lib/python3.10/site-packages/ironman_chase_object-0.0.0-py3.10.egg-info/top_level.txt
/home/michaelangelo/ironman_navigate_to_goal/install/ironman_chase_object/lib/python3.10/site-packages/ironman_chase_object-0.0.0-py3.10.egg-info/dependency_links.txt
/home/michaelangelo/ironman_navigate_to_goal/install/ironman_chase_object/lib/python3.10/site-packages/ironman_chase_object-0.0.0-py3.10.egg-info/SOURCES.txt
/home/michaelangelo/ironman_navigate_to_goal/install/ironman_chase_object/lib/python3.10/site-packages/ironman_chase_object-0.0.0-py3.10.egg-info/entry_points.txt
/home/michaelangelo/ironman_navigate_to_goal/install/ironman_chase_object/lib/python3.10/site-packages/ironman_chase_object-0.0.0-py3.10.egg-info/PKG-INFO
/home/michaelangelo/ironman_navigate_to_goal/install/ironman_chase_object/lib/python3.10/site-packages/ironman_chase_object-0.0.0-py3.10.egg-info/requires.txt
/home/michaelangelo/ironman_navigate_to_goal/install/ironman_chase_object/lib/python3.10/site-packages/ironman_chase_object-0.0.0-py3.10.egg-info/zip-safe
/home/michaelangelo/ironman_navigate_to_goal/install/ironman_chase_object/lib/ironman_chase_object/get_object_range
/home/michaelangelo/ironman_navigate_to_goal/install/ironman_chase_object/lib/ironman_chase_object/object_detection_node
/home/michaelangelo/ironman_navigate_to_goal/install/ironman_chase_object/lib/ironman_chase_object/velocity_controller
/home/michaelangelo/ironman_navigate_to_goal/install/ironman_chase_object/lib/ironman_chase_object/view_image_raw
