running egg_info
creating build/ironman_chase_object/ironman_chase_object.egg-info
writing build/ironman_chase_object/ironman_chase_object.egg-info/PKG-INFO
writing dependency_links to build/ironman_chase_object/ironman_chase_object.egg-info/dependency_links.txt
writing entry points to build/ironman_chase_object/ironman_chase_object.egg-info/entry_points.txt
writing requirements to build/ironman_chase_object/ironman_chase_object.egg-info/requires.txt
writing top-level names to build/ironman_chase_object/ironman_chase_object.egg-info/top_level.txt
writing manifest file 'build/ironman_chase_object/ironman_chase_object.egg-info/SOURCES.txt'
reading manifest file 'build/ironman_chase_object/ironman_chase_object.egg-info/SOURCES.txt'
writing manifest file 'build/ironman_chase_object/ironman_chase_object.egg-info/SOURCES.txt'
running build
running build_py
creating /home/michaelangelo/ironman_navigate_to_goal/build/ironman_chase_object/build
creating /home/michaelangelo/ironman_navigate_to_goal/build/ironman_chase_object/build/lib
creating /home/michaelangelo/ironman_navigate_to_goal/build/ironman_chase_object/build/lib/ironman_navigate_to_goal
copying ironman_navigate_to_goal/view_image_raw.py -> /home/michaelangelo/ironman_navigate_to_goal/build/ironman_chase_object/build/lib/ironman_navigate_to_goal
copying ironman_navigate_to_goal/get_object_range.py -> /home/michaelangelo/ironman_navigate_to_goal/build/ironman_chase_object/build/lib/ironman_navigate_to_goal
copying ironman_navigate_to_goal/velocity_controller.py -> /home/michaelangelo/ironman_navigate_to_goal/build/ironman_chase_object/build/lib/ironman_navigate_to_goal
copying ironman_navigate_to_goal/object_detection_node.py -> /home/michaelangelo/ironman_navigate_to_goal/build/ironman_chase_object/build/lib/ironman_navigate_to_goal
copying ironman_navigate_to_goal/__init__.py -> /home/michaelangelo/ironman_navigate_to_goal/build/ironman_chase_object/build/lib/ironman_navigate_to_goal
running install
running install_lib
creating /home/michaelangelo/ironman_navigate_to_goal/install/ironman_chase_object/lib/python3.10/site-packages/ironman_navigate_to_goal
copying /home/michaelangelo/ironman_navigate_to_goal/build/ironman_chase_object/build/lib/ironman_navigate_to_goal/view_image_raw.py -> /home/michaelangelo/ironman_navigate_to_goal/install/ironman_chase_object/lib/python3.10/site-packages/ironman_navigate_to_goal
copying /home/michaelangelo/ironman_navigate_to_goal/build/ironman_chase_object/build/lib/ironman_navigate_to_goal/get_object_range.py -> /home/michaelangelo/ironman_navigate_to_goal/install/ironman_chase_object/lib/python3.10/site-packages/ironman_navigate_to_goal
copying /home/michaelangelo/ironman_navigate_to_goal/build/ironman_chase_object/build/lib/ironman_navigate_to_goal/velocity_controller.py -> /home/michaelangelo/ironman_navigate_to_goal/install/ironman_chase_object/lib/python3.10/site-packages/ironman_navigate_to_goal
copying /home/michaelangelo/ironman_navigate_to_goal/build/ironman_chase_object/build/lib/ironman_navigate_to_goal/object_detection_node.py -> /home/michaelangelo/ironman_navigate_to_goal/install/ironman_chase_object/lib/python3.10/site-packages/ironman_navigate_to_goal
copying /home/michaelangelo/ironman_navigate_to_goal/build/ironman_chase_object/build/lib/ironman_navigate_to_goal/__init__.py -> /home/michaelangelo/ironman_navigate_to_goal/install/ironman_chase_object/lib/python3.10/site-packages/ironman_navigate_to_goal
byte-compiling /home/michaelangelo/ironman_navigate_to_goal/install/ironman_chase_object/lib/python3.10/site-packages/ironman_navigate_to_goal/view_image_raw.py to view_image_raw.cpython-310.pyc
byte-compiling /home/michaelangelo/ironman_navigate_to_goal/install/ironman_chase_object/lib/python3.10/site-packages/ironman_navigate_to_goal/get_object_range.py to get_object_range.cpython-310.pyc
byte-compiling /home/michaelangelo/ironman_navigate_to_goal/install/ironman_chase_object/lib/python3.10/site-packages/ironman_navigate_to_goal/velocity_controller.py to velocity_controller.cpython-310.pyc
byte-compiling /home/michaelangelo/ironman_navigate_to_goal/install/ironman_chase_object/lib/python3.10/site-packages/ironman_navigate_to_goal/object_detection_node.py to object_detection_node.cpython-310.pyc
byte-compiling /home/michaelangelo/ironman_navigate_to_goal/install/ironman_chase_object/lib/python3.10/site-packages/ironman_navigate_to_goal/__init__.py to __init__.cpython-310.pyc
running install_data
creating /home/michaelangelo/ironman_navigate_to_goal/install/ironman_chase_object/share/ament_index
creating /home/michaelangelo/ironman_navigate_to_goal/install/ironman_chase_object/share/ament_index/resource_index
creating /home/michaelangelo/ironman_navigate_to_goal/install/ironman_chase_object/share/ament_index/resource_index/packages
copying resource/ironman_chase_object -> /home/michaelangelo/ironman_navigate_to_goal/install/ironman_chase_object/share/ament_index/resource_index/packages
copying package.xml -> /home/michaelangelo/ironman_navigate_to_goal/install/ironman_chase_object/share/ironman_chase_object
running install_egg_info
Copying build/ironman_chase_object/ironman_chase_object.egg-info to /home/michaelangelo/ironman_navigate_to_goal/install/ironman_chase_object/lib/python3.10/site-packages/ironman_chase_object-0.0.0-py3.10.egg-info
running install_scripts
Installing get_object_range script to /home/michaelangelo/ironman_navigate_to_goal/install/ironman_chase_object/lib/ironman_chase_object
Installing object_detection_node script to /home/michaelangelo/ironman_navigate_to_goal/install/ironman_chase_object/lib/ironman_chase_object
Installing velocity_controller script to /home/michaelangelo/ironman_navigate_to_goal/install/ironman_chase_object/lib/ironman_chase_object
Installing view_image_raw script to /home/michaelangelo/ironman_navigate_to_goal/install/ironman_chase_object/lib/ironman_chase_object
writing list of installed files to '/home/michaelangelo/ironman_navigate_to_goal/build/ironman_chase_object/install.log'
